<?xml version="1.0" encoding="UTF-8"?>
<testsuite xmlns:xsi="http://www.w3.org/2001/XMLSchema-instance" xsi:noNamespaceSchemaLocation="https://maven.apache.org/surefire/maven-surefire-plugin/xsd/surefire-test-report.xsd" name="zhouxu.site.emailmanager.api.MailControllerTest" time="24.861" tests="1" errors="1" skipped="0" failures="0">
  <properties>
[...]
</properties>
  <testcase name="sendMailTest" classname="zhouxu.site.emailmanager.api.MailControllerTest" time="19.221">
    <error message="Failed messages: com.sun.mail.smtp.SMTPSendFailedException: 553 authentication is required,163 smtp13,EcCowAD3dA4NafJbif6kAg--.49641S2 1542613280&#10;;&#10;  nested exception is:&#10;	com.sun.mail.smtp.SMTPSenderFailedException: 553 authentication is required,163 smtp13,EcCowAD3dA4NafJbif6kAg--.49641S2 1542613280&#10;" type="org.springframework.mail.MailSendException">org.springframework.mail.MailSendException: 
Failed messages: com.sun.mail.smtp.SMTPSendFailedException: 553 authentication is required,163 smtp13,EcCowAD3dA4NafJbif6kAg--.49641S2 1542613280
;
  nested exception is:
	com.sun.mail.smtp.SMTPSenderFailedException: 553 authentication is required,163 smtp13,EcCowAD3dA4NafJbif6kAg--.49641S2 1542613280

	at zhouxu.site.emailmanager.api.MailControllerTest.sendMailTest(MailControllerTest.java:34)
</error>
    <system-out><![CDATA[15:40:58.125 [main] DEBUG org.springframework.test.context.junit4.SpringJUnit4ClassRunner - SpringJUnit4ClassRunner constructor called with [class zhouxu.site.emailmanager.api.MailControllerTest]
15:40:58.130 [main] DEBUG org.springframework.test.context.BootstrapUtils - Instantiating CacheAwareContextLoaderDelegate from class [org.springframework.test.context.cache.DefaultCacheAwareContextLoaderDelegate]
15:40:58.140 [main] DEBUG org.springframework.test.context.BootstrapUtils - Instantiating BootstrapContext using constructor [public org.springframework.test.context.support.DefaultBootstrapContext(java.lang.Class,org.springframework.test.context.CacheAwareContextLoaderDelegate)]
15:40:58.160 [main] DEBUG org.springframework.test.context.BootstrapUtils - Instantiating TestContextBootstrapper for test class [zhouxu.site.emailmanager.api.MailControllerTest] from class [org.springframework.boot.test.context.SpringBootTestContextBootstrapper]
15:40:58.177 [main] INFO org.springframework.boot.test.context.SpringBootTestContextBootstrapper - Neither @ContextConfiguration nor @ContextHierarchy found for test class [zhouxu.site.emailmanager.api.MailControllerTest], using SpringBootContextLoader
15:40:58.183 [main] DEBUG org.springframework.test.context.support.AbstractContextLoader - Did not detect default resource location for test class [zhouxu.site.emailmanager.api.MailControllerTest]: class path resource [zhouxu/site/emailmanager/api/MailControllerTest-context.xml] does not exist
15:40:58.184 [main] DEBUG org.springframework.test.context.support.AbstractContextLoader - Did not detect default resource location for test class [zhouxu.site.emailmanager.api.MailControllerTest]: class path resource [zhouxu/site/emailmanager/api/MailControllerTestContext.groovy] does not exist
15:40:58.185 [main] INFO org.springframework.test.context.support.AbstractContextLoader - Could not detect default resource locations for test class [zhouxu.site.emailmanager.api.MailControllerTest]: no resource found for suffixes {-context.xml, Context.groovy}.
15:40:58.186 [main] INFO org.springframework.test.context.support.AnnotationConfigContextLoaderUtils - Could not detect default configuration classes for test class [zhouxu.site.emailmanager.api.MailControllerTest]: MailControllerTest does not declare any static, non-private, non-final, nested classes annotated with @Configuration.
15:40:58.237 [main] DEBUG org.springframework.test.context.support.ActiveProfilesUtils - Could not find an 'annotation declaring class' for annotation type [org.springframework.test.context.ActiveProfiles] and class [zhouxu.site.emailmanager.api.MailControllerTest]
15:40:58.389 [main] DEBUG org.springframework.context.annotation.ClassPathScanningCandidateComponentProvider - Identified candidate component class: file [E:\product\java\own\email-manager\target\classes\zhouxu\site\emailmanager\EmailManagerApplication.class]
15:40:58.392 [main] INFO org.springframework.boot.test.context.SpringBootTestContextBootstrapper - Found @SpringBootConfiguration zhouxu.site.emailmanager.EmailManagerApplication for test class zhouxu.site.emailmanager.api.MailControllerTest
15:40:58.563 [main] DEBUG org.springframework.boot.test.context.SpringBootTestContextBootstrapper - @TestExecutionListeners is not present for class [zhouxu.site.emailmanager.api.MailControllerTest]: using defaults.
15:40:58.564 [main] INFO org.springframework.boot.test.context.SpringBootTestContextBootstrapper - Loaded default TestExecutionListener class names from location [META-INF/spring.factories]: [org.springframework.boot.test.mock.mockito.MockitoTestExecutionListener, org.springframework.boot.test.mock.mockito.ResetMocksTestExecutionListener, org.springframework.boot.test.autoconfigure.restdocs.RestDocsTestExecutionListener, org.springframework.boot.test.autoconfigure.web.client.MockRestServiceServerResetTestExecutionListener, org.springframework.boot.test.autoconfigure.web.servlet.MockMvcPrintOnlyOnFailureTestExecutionListener, org.springframework.boot.test.autoconfigure.web.servlet.WebDriverTestExecutionListener, org.springframework.test.context.web.ServletTestExecutionListener, org.springframework.test.context.support.DirtiesContextBeforeModesTestExecutionListener, org.springframework.test.context.support.DependencyInjectionTestExecutionListener, org.springframework.test.context.support.DirtiesContextTestExecutionListener, org.springframework.test.context.transaction.TransactionalTestExecutionListener, org.springframework.test.context.jdbc.SqlScriptsTestExecutionListener]
15:40:58.579 [main] DEBUG org.springframework.boot.test.context.SpringBootTestContextBootstrapper - Skipping candidate TestExecutionListener [org.springframework.test.context.transaction.TransactionalTestExecutionListener] due to a missing dependency. Specify custom listener classes or make the default listener classes and their required dependencies available. Offending class: [org/springframework/transaction/interceptor/TransactionAttributeSource]
15:40:58.580 [main] DEBUG org.springframework.boot.test.context.SpringBootTestContextBootstrapper - Skipping candidate TestExecutionListener [org.springframework.test.context.jdbc.SqlScriptsTestExecutionListener] due to a missing dependency. Specify custom listener classes or make the default listener classes and their required dependencies available. Offending class: [org/springframework/transaction/interceptor/TransactionAttribute]
15:40:58.581 [main] INFO org.springframework.boot.test.context.SpringBootTestContextBootstrapper - Using TestExecutionListeners: [org.springframework.test.context.web.ServletTestExecutionListener@44c03695, org.springframework.test.context.support.DirtiesContextBeforeModesTestExecutionListener@7e6f74c, org.springframework.boot.test.mock.mockito.MockitoTestExecutionListener@dd05255, org.springframework.boot.test.autoconfigure.SpringBootDependencyInjectionTestExecutionListener@6a78afa0, org.springframework.test.context.support.DirtiesContextTestExecutionListener@2f4948e4, org.springframework.boot.test.mock.mockito.ResetMocksTestExecutionListener@1f2586d6, org.springframework.boot.test.autoconfigure.restdocs.RestDocsTestExecutionListener@10683d9d, org.springframework.boot.test.autoconfigure.web.client.MockRestServiceServerResetTestExecutionListener@3fc2959f, org.springframework.boot.test.autoconfigure.web.servlet.MockMvcPrintOnlyOnFailureTestExecutionListener@5aa9e4eb, org.springframework.boot.test.autoconfigure.web.servlet.WebDriverTestExecutionListener@6989da5e]
15:40:58.584 [main] DEBUG org.springframework.test.annotation.ProfileValueUtils - Retrieved @ProfileValueSourceConfiguration [null] for test class [zhouxu.site.emailmanager.api.MailControllerTest]
15:40:58.585 [main] DEBUG org.springframework.test.annotation.ProfileValueUtils - Retrieved ProfileValueSource type [class org.springframework.test.annotation.SystemProfileValueSource] for class [zhouxu.site.emailmanager.api.MailControllerTest]
15:40:58.587 [main] DEBUG org.springframework.test.annotation.ProfileValueUtils - Retrieved @ProfileValueSourceConfiguration [null] for test class [zhouxu.site.emailmanager.api.MailControllerTest]
15:40:58.588 [main] DEBUG org.springframework.test.annotation.ProfileValueUtils - Retrieved ProfileValueSource type [class org.springframework.test.annotation.SystemProfileValueSource] for class [zhouxu.site.emailmanager.api.MailControllerTest]
15:40:58.590 [main] DEBUG org.springframework.test.annotation.ProfileValueUtils - Retrieved @ProfileValueSourceConfiguration [null] for test class [zhouxu.site.emailmanager.api.MailControllerTest]
15:40:58.590 [main] DEBUG org.springframework.test.annotation.ProfileValueUtils - Retrieved ProfileValueSource type [class org.springframework.test.annotation.SystemProfileValueSource] for class [zhouxu.site.emailmanager.api.MailControllerTest]
15:40:58.609 [main] DEBUG org.springframework.test.context.support.AbstractDirtiesContextTestExecutionListener - Before test class: context [DefaultTestContext@79079097 testClass = MailControllerTest, testInstance = [null], testMethod = [null], testException = [null], mergedContextConfiguration = [WebMergedContextConfiguration@4d1c00d0 testClass = MailControllerTest, locations = '{}', classes = '{class zhouxu.site.emailmanager.EmailManagerApplication}', contextInitializerClasses = '[]', activeProfiles = '{}', propertySourceLocations = '{}', propertySourceProperties = '{org.springframework.boot.test.context.SpringBootTestContextBootstrapper=true}', contextCustomizers = set[org.springframework.boot.test.context.filter.ExcludeFilterContextCustomizer@543788f3, org.springframework.boot.test.json.DuplicateJsonObjectContextCustomizerFactory$DuplicateJsonObjectContextCustomizer@7e9a5fbe, org.springframework.boot.test.mock.mockito.MockitoContextCustomizer@0, org.springframework.boot.test.web.client.TestRestTemplateContextCustomizer@5f71c76a, org.springframework.boot.test.autoconfigure.properties.PropertyMappingContextCustomizer@0, org.springframework.boot.test.autoconfigure.web.servlet.WebDriverContextCustomizerFactory$Customizer@2a40cd94], resourceBasePath = 'src/main/webapp', contextLoader = 'org.springframework.boot.test.context.SpringBootContextLoader', parent = [null]], attributes = map['org.springframework.test.context.web.ServletTestExecutionListener.activateListener' -> true]], class annotated with @DirtiesContext [false] with mode [null].
15:40:58.614 [main] DEBUG org.springframework.test.annotation.ProfileValueUtils - Retrieved @ProfileValueSourceConfiguration [null] for test class [zhouxu.site.emailmanager.api.MailControllerTest]
15:40:58.615 [main] DEBUG org.springframework.test.annotation.ProfileValueUtils - Retrieved ProfileValueSource type [class org.springframework.test.annotation.SystemProfileValueSource] for class [zhouxu.site.emailmanager.api.MailControllerTest]
15:40:58.662 [main] DEBUG org.springframework.test.context.support.TestPropertySourceUtils - Adding inlined properties to environment: {spring.jmx.enabled=false, org.springframework.boot.test.context.SpringBootTestContextBootstrapper=true, server.port=-1}

  .   ____          _            __ _ _
 /\\ / ___'_ __ _ _(_)_ __  __ _ \ \ \ \
( ( )\___ | '_ | '_| | '_ \/ _` | \ \ \ \
 \\/  ___)| |_)| | | | | || (_| |  ) ) ) )
  '  |____| .__|_| |_|_| |_\__, | / / / /
 =========|_|==============|___/=/_/_/_/
 :: Spring Boot ::        (v2.1.0.RELEASE)

2018-11-19 15:40:59.087  INFO 24712 --- [           main] z.s.emailmanager.api.MailControllerTest  : Starting MailControllerTest on DESKTOP-55H1MPL with PID 24712 (started by xuriq in E:\product\java\own\email-manager)
2018-11-19 15:40:59.088  INFO 24712 --- [           main] z.s.emailmanager.api.MailControllerTest  : No active profile set, falling back to default profiles: default
2018-11-19 15:41:02.764  INFO 24712 --- [           main] o.s.s.concurrent.ThreadPoolTaskExecutor  : Initializing ExecutorService 'applicationTaskExecutor'
2018-11-19 15:41:03.426  INFO 24712 --- [           main] z.s.emailmanager.api.MailControllerTest  : Started MailControllerTest in 4.742 seconds (JVM running for 5.959)
2018-11-19 15:41:03.683  INFO 24712 --- [           main] z.site.emailmanager.aspect.LogAspect     : ----------------------------
2018-11-19 15:41:03.684  INFO 24712 --- [           main] z.site.emailmanager.aspect.LogAspect     : start time:2018-11-19 03:41:03
2018-11-19 15:41:03.684  INFO 24712 --- [           main] z.site.emailmanager.aspect.LogAspect     : ip={}127.0.0.1
2018-11-19 15:41:03.684  INFO 24712 --- [           main] z.site.emailmanager.aspect.LogAspect     : url=
2018-11-19 15:41:03.684  INFO 24712 --- [           main] z.site.emailmanager.aspect.LogAspect     : method=
2018-11-19 15:41:03.686  INFO 24712 --- [           main] z.site.emailmanager.aspect.LogAspect     : class_method=zhouxu.site.emailmanager.api.MailController.sendMail
2018-11-19 15:41:03.686  INFO 24712 --- [           main] z.site.emailmanager.aspect.LogAspect     : args=Mail{from='xuriqingyun@163.com', to='1136112121@qq.com', title='测试文本邮件发送', content='<html><head></head><body><h1>hello!</h1><img src="cid:everynote"/>"<img src="cid:everynote1"/></body></html>', attachments=[test.txt], images=[everynote, everynote1], type='simpletext'}
2018-11-19 15:41:22.645  INFO 24712 --- [           main] z.site.emailmanager.aspect.LogAspect     : end time:2018-11-19 03:41:22
]]></system-out>
  </testcase>
</testsuite>